2024-02-14 13:39:07.334 [info] Log level: Info
2024-02-14 13:39:07.334 [info] Validating found git in: "git"
2024-02-14 13:39:07.334 [info] Using git "2.34.1" from "git"
2024-02-14 13:39:07.334 [info] > git rev-parse --show-toplevel [21ms]
2024-02-14 13:39:07.334 [info] fatal: not a git repository (or any of the parent directories): .git
2024-02-14 13:39:07.334 [info] > git rev-parse --show-toplevel [783ms]
2024-02-14 13:39:07.334 [info] fatal: not a git repository (or any of the parent directories): .git
2024-02-14 13:39:07.334 [info] > git rev-parse --show-toplevel [3ms]
2024-02-14 13:39:07.334 [info] fatal: not a git repository (or any of the parent directories): .git
2024-02-14 13:39:07.413 [info] > git rev-parse --show-toplevel [70ms]
2024-02-14 13:39:07.413 [info] fatal: not a git repository (or any of the parent directories): .git
2024-02-14 13:42:56.203 [info] > git rev-parse --show-toplevel [25ms]
2024-02-14 13:42:56.203 [info] fatal: not a git repository (or any of the parent directories): .git
2024-02-14 13:43:16.604 [info] > git rev-parse --show-toplevel [7ms]
2024-02-14 13:43:16.604 [info] fatal: not a git repository (or any of the parent directories): .git
2024-02-14 13:44:46.689 [info] > git rev-parse --show-toplevel [9ms]
2024-02-14 13:44:46.689 [info] fatal: not a git repository (or any of the parent directories): .git
2024-02-14 13:45:03.499 [info] > git rev-parse --show-toplevel [3ms]
2024-02-14 13:45:03.499 [info] fatal: not a git repository (or any of the parent directories): .git
2024-02-14 13:45:44.221 [info] > git rev-parse --show-toplevel [8ms]
2024-02-14 13:45:44.221 [info] fatal: not a git repository (or any of the parent directories): .git
2024-02-14 13:45:50.887 [info] > git rev-parse --show-toplevel [20ms]
2024-02-14 13:45:50.887 [info] fatal: not a git repository (or any of the parent directories): .git
2024-02-14 13:47:12.028 [info] > git rev-parse --show-toplevel [8ms]
2024-02-14 13:47:12.028 [info] fatal: not a git repository (or any of the parent directories): .git
2024-02-14 13:47:53.144 [info] > git rev-parse --show-toplevel [24ms]
2024-02-14 13:47:53.144 [info] fatal: not a git repository (or any of the parent directories): .git
