2024-02-14 13:54:01.814 [info] Extension host with pid 10180 started
2024-02-14 13:54:01.841 [info] Lock '/home/camilof/.vscode-server/data/User/workspaceStorage/98c770a5c2e1106bc61ad285bfdab1eb/vscode.lock': Lock acquired.
2024-02-14 13:54:01.903 [info] ExtensionService#_doActivateExtension vscode.html-language-features, startup: false, activationEvent: 'onLanguage:html'
2024-02-14 13:54:01.905 [info] ExtensionService#_doActivateExtension vscode.emmet, startup: false, activationEvent: 'onLanguage'
2024-02-14 13:54:02.908 [info] ExtensionService#_doActivateExtension vscode.git-base, startup: true, activationEvent: '*', root cause: vscode.git
2024-02-14 13:54:02.944 [info] ExtensionService#_doActivateExtension vscode.git, startup: true, activationEvent: '*'
2024-02-14 13:54:02.945 [info] ExtensionService#_doActivateExtension vscode.github, startup: true, activationEvent: '*'
2024-02-14 13:54:03.516 [info] ExtensionService#_doActivateExtension pranaygp.vscode-css-peek, startup: true, activationEvent: 'workspaceContains:**/*.css,**/*.scss,**/*.sass,**/*.less'
2024-02-14 13:54:04.021 [info] Eager extensions activated
2024-02-14 13:54:04.021 [info] ExtensionService#_doActivateExtension vscode.debug-auto-launch, startup: false, activationEvent: 'onStartupFinished'
2024-02-14 13:54:04.022 [info] ExtensionService#_doActivateExtension vscode.merge-conflict, startup: false, activationEvent: 'onStartupFinished'
2024-02-14 13:54:04.023 [info] ExtensionService#_doActivateExtension dbaeumer.vscode-eslint, startup: false, activationEvent: 'onStartupFinished'
2024-02-14 13:54:04.023 [info] ExtensionService#_doActivateExtension ritwickdey.LiveServer, startup: false, activationEvent: 'onStartupFinished'
2024-02-14 13:54:04.024 [info] ExtensionService#_doActivateExtension streetsidesoftware.code-spell-checker, startup: false, activationEvent: 'onStartupFinished'
2024-02-14 13:54:19.921 [info] ExtensionService#_doActivateExtension vscode.tunnel-forwarding, startup: false, activationEvent: 'onTunnel'
2024-02-14 13:54:42.841 [error] Error: spawn /mnt/C/Program Files/Google/Chrome Dev/Application/chrome.exe ENOENT
	at ChildProcess._handle.onexit (node:internal/child_process:283:19)
	at onErrorNT (node:internal/child_process:476:16)
	at process.processTicksAndRejections (node:internal/process/task_queues:82:21)
2024-02-14 13:54:49.036 [info] ExtensionService#_doActivateExtension vscode.json-language-features, startup: false, activationEvent: 'onLanguage:jsonc'
2024-02-14 13:54:49.036 [info] ExtensionService#_doActivateExtension vscode.typescript-language-features, startup: false, activationEvent: 'onLanguage:jsonc'
2024-02-14 13:54:52.839 [error] Error: spawn /mnt/C/Program Files/Google/Chrome Dev/Application/chrome.exe ENOENT
	at ChildProcess._handle.onexit (node:internal/child_process:283:19)
	at onErrorNT (node:internal/child_process:476:16)
	at process.processTicksAndRejections (node:internal/process/task_queues:82:21)
2024-02-14 13:56:02.921 [error] Error: spawn /mnt/C/Program Files/Google/Chrome Dev/Application/chrome.exe ENOENT
	at ChildProcess._handle.onexit (node:internal/child_process:283:19)
	at onErrorNT (node:internal/child_process:476:16)
	at process.processTicksAndRejections (node:internal/process/task_queues:82:21)
2024-02-14 13:56:07.124 [error] Error: spawn /mnt/C/Program Files/Google/Chrome Dev/Application/chrome.exe ENOENT
	at ChildProcess._handle.onexit (node:internal/child_process:283:19)
	at onErrorNT (node:internal/child_process:476:16)
	at process.processTicksAndRejections (node:internal/process/task_queues:82:21)
2024-02-14 13:56:13.035 [error] Error: spawn /mnt/C/Program Files/Google/Chrome Dev/Application/chrome.exe ENOENT
	at ChildProcess._handle.onexit (node:internal/child_process:283:19)
	at onErrorNT (node:internal/child_process:476:16)
	at process.processTicksAndRejections (node:internal/process/task_queues:82:21)
2024-02-14 13:56:59.187 [error] Error: spawn /mnt/C/Program Files/Google/Chrome Dev/Application/chrome.exe ENOENT
	at ChildProcess._handle.onexit (node:internal/child_process:283:19)
	at onErrorNT (node:internal/child_process:476:16)
	at process.processTicksAndRejections (node:internal/process/task_queues:82:21)
2024-02-14 13:57:04.514 [info] Extension host terminating: received terminate message from renderer
2024-02-14 13:57:04.515 [info] Lock '/home/camilof/.vscode-server/data/User/workspaceStorage/98c770a5c2e1106bc61ad285bfdab1eb/vscode.lock': Marking the lockfile as scheduled to be released in 6000 ms.
2024-02-14 13:57:04.712 [info] Extension host with pid 10180 exiting with code 0
