2024-02-14 13:29:54.697 [info] Extension host with pid 4698 started
2024-02-14 13:29:54.822 [info] ExtensionService#_doActivateExtension vscode.html-language-features, startup: false, activationEvent: 'onLanguage:html'
2024-02-14 13:29:54.824 [info] ExtensionService#_doActivateExtension vscode.emmet, startup: false, activationEvent: 'onLanguage'
2024-02-14 13:29:54.988 [info] Lock '/home/camilof/.vscode-server/data/User/workspaceStorage/98c770a5c2e1106bc61ad285bfdab1eb/vscode.lock': Lock acquired.
2024-02-14 13:29:55.827 [info] ExtensionService#_doActivateExtension vscode.git-base, startup: true, activationEvent: '*', root cause: vscode.git
2024-02-14 13:29:55.847 [info] ExtensionService#_doActivateExtension vscode.git, startup: true, activationEvent: '*'
2024-02-14 13:29:55.848 [info] ExtensionService#_doActivateExtension vscode.github, startup: true, activationEvent: '*'
2024-02-14 13:29:56.512 [info] Eager extensions activated
2024-02-14 13:29:56.513 [info] ExtensionService#_doActivateExtension vscode.debug-auto-launch, startup: false, activationEvent: 'onStartupFinished'
2024-02-14 13:29:56.514 [info] ExtensionService#_doActivateExtension vscode.merge-conflict, startup: false, activationEvent: 'onStartupFinished'
2024-02-14 13:29:56.514 [info] ExtensionService#_doActivateExtension dbaeumer.vscode-eslint, startup: false, activationEvent: 'onStartupFinished'
2024-02-14 13:29:56.515 [info] ExtensionService#_doActivateExtension ritwickdey.LiveServer, startup: false, activationEvent: 'onStartupFinished'
2024-02-14 13:29:56.515 [info] ExtensionService#_doActivateExtension streetsidesoftware.code-spell-checker, startup: false, activationEvent: 'onStartupFinished'
2024-02-14 13:29:57.681 [info] Extension host terminating: received terminate message from renderer
2024-02-14 13:29:57.682 [info] Lock '/home/camilof/.vscode-server/data/User/workspaceStorage/98c770a5c2e1106bc61ad285bfdab1eb/vscode.lock': Marking the lockfile as scheduled to be released in 6000 ms.
2024-02-14 13:29:57.809 [error] ProxyResolver#addCertificatesV1 Canceled: Canceled
	at new f (/home/camilof/.vscode-server/bin/31c37ee8f63491495ac49e43b8544550fbae4533/out/vs/workbench/api/node/extensionHostProcess.js:140:45069)
	at d.U (/home/camilof/.vscode-server/bin/31c37ee8f63491495ac49e43b8544550fbae4533/out/vs/workbench/api/node/extensionHostProcess.js:147:5557)
	at T.<computed>.O.charCodeAt.T.<computed> (/home/camilof/.vscode-server/bin/31c37ee8f63491495ac49e43b8544550fbae4533/out/vs/workbench/api/node/extensionHostProcess.js:147:3008)
	at L.loadCertificates (/home/camilof/.vscode-server/bin/31c37ee8f63491495ac49e43b8544550fbae4533/out/vs/workbench/api/node/extensionHostProcess.js:153:39202)
	at Object.loadAdditionalCertificates (/home/camilof/.vscode-server/bin/31c37ee8f63491495ac49e43b8544550fbae4533/out/vs/workbench/api/node/extensionHostProcess.js:135:34306)
	at /home/camilof/.vscode-server/bin/31c37ee8f63491495ac49e43b8544550fbae4533/node_modules/@vscode/proxy-agent/out/index.js:475:53
	at Generator.next (<anonymous>)
	at /home/camilof/.vscode-server/bin/31c37ee8f63491495ac49e43b8544550fbae4533/node_modules/@vscode/proxy-agent/out/index.js:35:71
	at new Promise (<anonymous>)
	at __awaiter (/home/camilof/.vscode-server/bin/31c37ee8f63491495ac49e43b8544550fbae4533/node_modules/@vscode/proxy-agent/out/index.js:31:12)
	at /home/camilof/.vscode-server/bin/31c37ee8f63491495ac49e43b8544550fbae4533/node_modules/@vscode/proxy-agent/out/index.js:474:43
	at /home/camilof/.vscode-server/bin/31c37ee8f63491495ac49e43b8544550fbae4533/node_modules/@vscode/proxy-agent/out/index.js:476:16
	at Generator.next (<anonymous>)
	at /home/camilof/.vscode-server/bin/31c37ee8f63491495ac49e43b8544550fbae4533/node_modules/@vscode/proxy-agent/out/index.js:35:71
	at new Promise (<anonymous>)
	at __awaiter (/home/camilof/.vscode-server/bin/31c37ee8f63491495ac49e43b8544550fbae4533/node_modules/@vscode/proxy-agent/out/index.js:31:12)
	at getOrLoadAdditionalCertificates (/home/camilof/.vscode-server/bin/31c37ee8f63491495ac49e43b8544550fbae4533/node_modules/@vscode/proxy-agent/out/index.js:472:12)
	at addCertificatesV1 (/home/camilof/.vscode-server/bin/31c37ee8f63491495ac49e43b8544550fbae4533/node_modules/@vscode/proxy-agent/out/index.js:456:9)
	at resolveProxy (/home/camilof/.vscode-server/bin/31c37ee8f63491495ac49e43b8544550fbae4533/node_modules/@vscode/proxy-agent/out/index.js:112:9)
	at /home/camilof/.vscode-server/bin/31c37ee8f63491495ac49e43b8544550fbae4533/node_modules/@vscode/proxy-agent/out/index.js:303:77
	at new Promise (<anonymous>)
	at _PacProxyAgent.resolveP [as resolver] (/home/camilof/.vscode-server/bin/31c37ee8f63491495ac49e43b8544550fbae4533/node_modules/@vscode/proxy-agent/out/index.js:303:54)
	at _PacProxyAgent.<anonymous> (/home/camilof/.vscode-server/bin/31c37ee8f63491495ac49e43b8544550fbae4533/node_modules/@vscode/proxy-agent/out/agent.js:70:37)
	at Generator.next (<anonymous>)
	at /home/camilof/.vscode-server/bin/31c37ee8f63491495ac49e43b8544550fbae4533/node_modules/@vscode/proxy-agent/out/agent.js:8:71
	at new Promise (<anonymous>)
	at __awaiter (/home/camilof/.vscode-server/bin/31c37ee8f63491495ac49e43b8544550fbae4533/node_modules/@vscode/proxy-agent/out/agent.js:4:12)
	at _PacProxyAgent.connect (/home/camilof/.vscode-server/bin/31c37ee8f63491495ac49e43b8544550fbae4533/node_modules/@vscode/proxy-agent/out/agent.js:52:16)
	at /home/camilof/.vscode-server/bin/31c37ee8f63491495ac49e43b8544550fbae4533/node_modules/agent-base/dist/index.js:73:30
	at process.processTicksAndRejections (node:internal/process/task_queues:95:5)
2024-02-14 13:29:57.824 [info] Extension host with pid 4698 exiting with code 0
