2024-02-14 13:48:06.103 [info] Extension host with pid 8910 started
2024-02-14 13:48:06.132 [info] Lock '/home/camilof/.vscode-server/data/User/workspaceStorage/98c770a5c2e1106bc61ad285bfdab1eb/vscode.lock': Lock acquired.
2024-02-14 13:48:06.249 [info] ExtensionService#_doActivateExtension vscode.emmet, startup: false, activationEvent: 'onLanguage'
2024-02-14 13:48:06.251 [info] ExtensionService#_doActivateExtension vscode.html-language-features, startup: false, activationEvent: 'onLanguage:html'
2024-02-14 13:48:07.254 [info] ExtensionService#_doActivateExtension vscode.git-base, startup: true, activationEvent: '*', root cause: vscode.git
2024-02-14 13:48:07.271 [info] ExtensionService#_doActivateExtension vscode.git, startup: true, activationEvent: '*'
2024-02-14 13:48:07.272 [info] ExtensionService#_doActivateExtension vscode.github, startup: true, activationEvent: '*'
2024-02-14 13:48:07.912 [info] ExtensionService#_doActivateExtension pranaygp.vscode-css-peek, startup: true, activationEvent: 'workspaceContains:**/*.css,**/*.scss,**/*.sass,**/*.less'
2024-02-14 13:48:08.546 [info] Eager extensions activated
2024-02-14 13:48:08.550 [info] ExtensionService#_doActivateExtension vscode.debug-auto-launch, startup: false, activationEvent: 'onStartupFinished'
2024-02-14 13:48:08.551 [info] ExtensionService#_doActivateExtension vscode.merge-conflict, startup: false, activationEvent: 'onStartupFinished'
2024-02-14 13:48:08.552 [info] ExtensionService#_doActivateExtension dbaeumer.vscode-eslint, startup: false, activationEvent: 'onStartupFinished'
2024-02-14 13:48:08.554 [info] ExtensionService#_doActivateExtension ritwickdey.LiveServer, startup: false, activationEvent: 'onStartupFinished'
2024-02-14 13:48:08.557 [info] ExtensionService#_doActivateExtension streetsidesoftware.code-spell-checker, startup: false, activationEvent: 'onStartupFinished'
2024-02-14 13:48:53.134 [info] ExtensionService#_doActivateExtension vscode.json-language-features, startup: false, activationEvent: 'onLanguage:jsonc'
2024-02-14 13:48:53.135 [info] ExtensionService#_doActivateExtension vscode.typescript-language-features, startup: false, activationEvent: 'onLanguage:jsonc'
2024-02-14 13:50:32.458 [warning] vscode.json-language-features - Code actions of kind 'quickfix 'requested but returned code action is of kind 'source.sort.json'. Code action will be dropped. Please check 'CodeActionContext.only' to only return requested code actions.
2024-02-14 13:50:35.315 [warning] vscode.json-language-features - Code actions of kind 'quickfix 'requested but returned code action is of kind 'source.sort.json'. Code action will be dropped. Please check 'CodeActionContext.only' to only return requested code actions.
2024-02-14 13:50:40.568 [warning] vscode.json-language-features - Code actions of kind 'quickfix 'requested but returned code action is of kind 'source.sort.json'. Code action will be dropped. Please check 'CodeActionContext.only' to only return requested code actions.
2024-02-14 13:50:43.340 [warning] vscode.json-language-features - Code actions of kind 'quickfix 'requested but returned code action is of kind 'source.sort.json'. Code action will be dropped. Please check 'CodeActionContext.only' to only return requested code actions.
2024-02-14 13:50:52.435 [warning] vscode.json-language-features - Code actions of kind 'quickfix 'requested but returned code action is of kind 'source.sort.json'. Code action will be dropped. Please check 'CodeActionContext.only' to only return requested code actions.
2024-02-14 13:52:02.386 [warning] vscode.json-language-features - Code actions of kind 'quickfix 'requested but returned code action is of kind 'source.sort.json'. Code action will be dropped. Please check 'CodeActionContext.only' to only return requested code actions.
2024-02-14 13:52:07.469 [warning] vscode.json-language-features - Code actions of kind 'quickfix 'requested but returned code action is of kind 'source.sort.json'. Code action will be dropped. Please check 'CodeActionContext.only' to only return requested code actions.
2024-02-14 13:52:08.538 [warning] vscode.json-language-features - Code actions of kind 'quickfix 'requested but returned code action is of kind 'source.sort.json'. Code action will be dropped. Please check 'CodeActionContext.only' to only return requested code actions.
2024-02-14 13:52:21.816 [warning] vscode.json-language-features - Code actions of kind 'quickfix 'requested but returned code action is of kind 'source.sort.json'. Code action will be dropped. Please check 'CodeActionContext.only' to only return requested code actions.
2024-02-14 13:52:23.414 [warning] vscode.json-language-features - Code actions of kind 'quickfix 'requested but returned code action is of kind 'source.sort.json'. Code action will be dropped. Please check 'CodeActionContext.only' to only return requested code actions.
2024-02-14 13:52:24.192 [warning] vscode.json-language-features - Code actions of kind 'quickfix 'requested but returned code action is of kind 'source.sort.json'. Code action will be dropped. Please check 'CodeActionContext.only' to only return requested code actions.
2024-02-14 13:53:45.429 [info] Extension host terminating: received terminate message from renderer
2024-02-14 13:53:45.429 [info] Lock '/home/camilof/.vscode-server/data/User/workspaceStorage/98c770a5c2e1106bc61ad285bfdab1eb/vscode.lock': Marking the lockfile as scheduled to be released in 6000 ms.
2024-02-14 13:53:45.640 [info] Extension host with pid 8910 exiting with code 0
