2024-02-15 12:27:30.735 [info] Extension host with pid 749 started
2024-02-15 12:27:30.775 [info] Lock '/home/camilof/.vscode-server/data/User/workspaceStorage/98c770a5c2e1106bc61ad285bfdab1eb/vscode.lock': Lock acquired.
2024-02-15 12:27:31.128 [info] ExtensionService#_doActivateExtension vscode.emmet, startup: false, activationEvent: 'onLanguage'
2024-02-15 12:27:31.131 [info] ExtensionService#_doActivateExtension vscode.html-language-features, startup: false, activationEvent: 'onLanguage:html'
2024-02-15 12:27:31.432 [info] ExtensionService#_doActivateExtension vscode.tunnel-forwarding, startup: false, activationEvent: 'onTunnel'
2024-02-15 12:27:31.902 [info] ExtensionService#_doActivateExtension vscode.git-base, startup: false, activationEvent: 'onFileSystem:git', root cause: vscode.git
2024-02-15 12:27:32.027 [info] ExtensionService#_doActivateExtension vscode.git, startup: false, activationEvent: 'onFileSystem:git'
2024-02-15 12:27:32.282 [info] ExtensionService#_doActivateExtension vscode.github, startup: true, activationEvent: '*'
2024-02-15 12:27:32.684 [info] ExtensionService#_doActivateExtension pranaygp.vscode-css-peek, startup: true, activationEvent: 'workspaceContains:**/*.css,**/*.scss,**/*.sass,**/*.less'
2024-02-15 12:27:33.604 [info] Eager extensions activated
2024-02-15 12:27:33.605 [info] ExtensionService#_doActivateExtension vscode.debug-auto-launch, startup: false, activationEvent: 'onStartupFinished'
2024-02-15 12:27:33.606 [info] ExtensionService#_doActivateExtension vscode.merge-conflict, startup: false, activationEvent: 'onStartupFinished'
2024-02-15 12:27:33.607 [info] ExtensionService#_doActivateExtension dbaeumer.vscode-eslint, startup: false, activationEvent: 'onStartupFinished'
2024-02-15 12:27:33.607 [info] ExtensionService#_doActivateExtension ritwickdey.LiveServer, startup: false, activationEvent: 'onStartupFinished'
2024-02-15 12:27:33.608 [info] ExtensionService#_doActivateExtension streetsidesoftware.code-spell-checker, startup: false, activationEvent: 'onStartupFinished'
2024-02-15 12:34:32.879 [warning] [Decorations] CAPPING events from decorations provider vscode.git 10000
2024-02-15 12:34:35.013 [warning] [Decorations] CAPPING events from decorations provider vscode.git 10008
2024-02-15 12:34:38.449 [info] Extension host terminating: received terminate message from renderer
2024-02-15 12:34:38.450 [info] Lock '/home/camilof/.vscode-server/data/User/workspaceStorage/98c770a5c2e1106bc61ad285bfdab1eb/vscode.lock': Marking the lockfile as scheduled to be released in 6000 ms.
2024-02-15 12:34:38.665 [error] Canceled: Canceled
	at new f (/home/camilof/.vscode-server/bin/31c37ee8f63491495ac49e43b8544550fbae4533/out/vs/workbench/api/node/extensionHostProcess.js:140:45069)
	at d.U (/home/camilof/.vscode-server/bin/31c37ee8f63491495ac49e43b8544550fbae4533/out/vs/workbench/api/node/extensionHostProcess.js:147:5557)
	at T.<computed>.O.charCodeAt.T.<computed> (/home/camilof/.vscode-server/bin/31c37ee8f63491495ac49e43b8544550fbae4533/out/vs/workbench/api/node/extensionHostProcess.js:147:3008)
	at s.g (/home/camilof/.vscode-server/bin/31c37ee8f63491495ac49e43b8544550fbae4533/out/vs/workbench/api/node/extensionHostProcess.js:150:174704)
	at s.executeCommand (/home/camilof/.vscode-server/bin/31c37ee8f63491495ac49e43b8544550fbae4533/out/vs/workbench/api/node/extensionHostProcess.js:150:174142)
	at m.registerCommand.description (/home/camilof/.vscode-server/bin/31c37ee8f63491495ac49e43b8544550fbae4533/out/vs/workbench/api/node/extensionHostProcess.js:150:173466)
	at s.h (/home/camilof/.vscode-server/bin/31c37ee8f63491495ac49e43b8544550fbae4533/out/vs/workbench/api/node/extensionHostProcess.js:150:175243)
	at s.g (/home/camilof/.vscode-server/bin/31c37ee8f63491495ac49e43b8544550fbae4533/out/vs/workbench/api/node/extensionHostProcess.js:150:174235)
	at s.executeCommand (/home/camilof/.vscode-server/bin/31c37ee8f63491495ac49e43b8544550fbae4533/out/vs/workbench/api/node/extensionHostProcess.js:150:174142)
	at Object.executeCommand (/home/camilof/.vscode-server/bin/31c37ee8f63491495ac49e43b8544550fbae4533/out/vs/workbench/api/node/extensionHostProcess.js:160:21634)
	at g.I [as value] (/home/camilof/.vscode-server/bin/31c37ee8f63491495ac49e43b8544550fbae4533/extensions/git/dist/main.js:2:927298)
	at r.y (/home/camilof/.vscode-server/bin/31c37ee8f63491495ac49e43b8544550fbae4533/out/vs/workbench/api/node/extensionHostProcess.js:80:1902)
	at r.z (/home/camilof/.vscode-server/bin/31c37ee8f63491495ac49e43b8544550fbae4533/out/vs/workbench/api/node/extensionHostProcess.js:80:1972)
	at r.fire (/home/camilof/.vscode-server/bin/31c37ee8f63491495ac49e43b8544550fbae4533/out/vs/workbench/api/node/extensionHostProcess.js:80:2188)
	at Object.m [as dispose] (/home/camilof/.vscode-server/bin/31c37ee8f63491495ac49e43b8544550fbae4533/extensions/git/dist/main.js:2:943089)
	at /home/camilof/.vscode-server/bin/31c37ee8f63491495ac49e43b8544550fbae4533/extensions/git/dist/main.js:2:947930
	at Array.forEach (<anonymous>)
	at p.dispose (/home/camilof/.vscode-server/bin/31c37ee8f63491495ac49e43b8544550fbae4533/extensions/git/dist/main.js:2:947916)
	at c.<anonymous> (/home/camilof/.vscode-server/bin/31c37ee8f63491495ac49e43b8544550fbae4533/out/vs/workbench/api/node/extensionHostProcess.js:148:3650)
	at c.dispose (/home/camilof/.vscode-server/bin/31c37ee8f63491495ac49e43b8544550fbae4533/out/vs/workbench/api/node/extensionHostProcess.js:148:3747)
	at c.<anonymous> (/home/camilof/.vscode-server/bin/31c37ee8f63491495ac49e43b8544550fbae4533/extensions/git/dist/main.js:2:929310)
	at c.dispose (/home/camilof/.vscode-server/bin/31c37ee8f63491495ac49e43b8544550fbae4533/out/vs/workbench/api/node/extensionHostProcess.js:148:3747)
	at o (/home/camilof/.vscode-server/bin/31c37ee8f63491495ac49e43b8544550fbae4533/out/vs/workbench/api/node/extensionHostProcess.js:30:754)
	at g.cb (/home/camilof/.vscode-server/bin/31c37ee8f63491495ac49e43b8544550fbae4533/out/vs/workbench/api/node/extensionHostProcess.js:156:9874)
	at /home/camilof/.vscode-server/bin/31c37ee8f63491495ac49e43b8544550fbae4533/out/vs/workbench/api/node/extensionHostProcess.js:156:7808
	at Array.map (<anonymous>)
	at g.Y (/home/camilof/.vscode-server/bin/31c37ee8f63491495ac49e43b8544550fbae4533/out/vs/workbench/api/node/extensionHostProcess.js:156:7795)
	at g.terminate (/home/camilof/.vscode-server/bin/31c37ee8f63491495ac49e43b8544550fbae4533/out/vs/workbench/api/node/extensionHostProcess.js:156:8068)
	at o.terminate (/home/camilof/.vscode-server/bin/31c37ee8f63491495ac49e43b8544550fbae4533/out/vs/workbench/api/node/extensionHostProcess.js:160:1513)
	at t (/home/camilof/.vscode-server/bin/31c37ee8f63491495ac49e43b8544550fbae4533/out/vs/workbench/api/node/extensionHostProcess.js:173:9950)
	at g.value (/home/camilof/.vscode-server/bin/31c37ee8f63491495ac49e43b8544550fbae4533/out/vs/workbench/api/node/extensionHostProcess.js:173:7997)
	at r.y (/home/camilof/.vscode-server/bin/31c37ee8f63491495ac49e43b8544550fbae4533/out/vs/workbench/api/node/extensionHostProcess.js:80:1902)
	at r.fire (/home/camilof/.vscode-server/bin/31c37ee8f63491495ac49e43b8544550fbae4533/out/vs/workbench/api/node/extensionHostProcess.js:80:2119)
	at n.fire (/home/camilof/.vscode-server/bin/31c37ee8f63491495ac49e43b8544550fbae4533/out/vs/workbench/api/node/extensionHostProcess.js:105:14073)
	at s.z (/home/camilof/.vscode-server/bin/31c37ee8f63491495ac49e43b8544550fbae4533/out/vs/workbench/api/node/extensionHostProcess.js:105:17138)
	at g.value (/home/camilof/.vscode-server/bin/31c37ee8f63491495ac49e43b8544550fbae4533/out/vs/workbench/api/node/extensionHostProcess.js:105:15590)
	at r.y (/home/camilof/.vscode-server/bin/31c37ee8f63491495ac49e43b8544550fbae4533/out/vs/workbench/api/node/extensionHostProcess.js:80:1902)
	at r.fire (/home/camilof/.vscode-server/bin/31c37ee8f63491495ac49e43b8544550fbae4533/out/vs/workbench/api/node/extensionHostProcess.js:80:2119)
	at g.acceptChunk (/home/camilof/.vscode-server/bin/31c37ee8f63491495ac49e43b8544550fbae4533/out/vs/workbench/api/node/extensionHostProcess.js:105:11847)
	at g.value (/home/camilof/.vscode-server/bin/31c37ee8f63491495ac49e43b8544550fbae4533/out/vs/workbench/api/node/extensionHostProcess.js:105:11134)
	at r.y (/home/camilof/.vscode-server/bin/31c37ee8f63491495ac49e43b8544550fbae4533/out/vs/workbench/api/node/extensionHostProcess.js:80:1902)
	at r.fire (/home/camilof/.vscode-server/bin/31c37ee8f63491495ac49e43b8544550fbae4533/out/vs/workbench/api/node/extensionHostProcess.js:80:2119)
	at r.z (/home/camilof/.vscode-server/bin/31c37ee8f63491495ac49e43b8544550fbae4533/out/vs/workbench/api/node/extensionHostProcess.js:170:19768)
	at r.acceptFrame (/home/camilof/.vscode-server/bin/31c37ee8f63491495ac49e43b8544550fbae4533/out/vs/workbench/api/node/extensionHostProcess.js:170:19574)
	at i.n (/home/camilof/.vscode-server/bin/31c37ee8f63491495ac49e43b8544550fbae4533/out/vs/workbench/api/node/extensionHostProcess.js:170:18073)
	at /home/camilof/.vscode-server/bin/31c37ee8f63491495ac49e43b8544550fbae4533/out/vs/workbench/api/node/extensionHostProcess.js:170:15293
	at Socket.y (/home/camilof/.vscode-server/bin/31c37ee8f63491495ac49e43b8544550fbae4533/out/vs/workbench/api/node/extensionHostProcess.js:170:13198)
	at Socket.emit (node:events:514:28)
	at addChunk (node:internal/streams/readable:324:12)
	at readableAddChunk (node:internal/streams/readable:297:9)
	at Readable.push (node:internal/streams/readable:234:10)
	at TCP.onStreamRead (node:internal/stream_base_commons:190:23) setContext undefined
2024-02-15 12:34:38.667 [error] Canceled: Canceled
	at new f (/home/camilof/.vscode-server/bin/31c37ee8f63491495ac49e43b8544550fbae4533/out/vs/workbench/api/node/extensionHostProcess.js:140:45069)
	at d.U (/home/camilof/.vscode-server/bin/31c37ee8f63491495ac49e43b8544550fbae4533/out/vs/workbench/api/node/extensionHostProcess.js:147:5557)
	at T.<computed>.O.charCodeAt.T.<computed> (/home/camilof/.vscode-server/bin/31c37ee8f63491495ac49e43b8544550fbae4533/out/vs/workbench/api/node/extensionHostProcess.js:147:3008)
	at s.g (/home/camilof/.vscode-server/bin/31c37ee8f63491495ac49e43b8544550fbae4533/out/vs/workbench/api/node/extensionHostProcess.js:150:174704)
	at s.executeCommand (/home/camilof/.vscode-server/bin/31c37ee8f63491495ac49e43b8544550fbae4533/out/vs/workbench/api/node/extensionHostProcess.js:150:174142)
	at m.registerCommand.description (/home/camilof/.vscode-server/bin/31c37ee8f63491495ac49e43b8544550fbae4533/out/vs/workbench/api/node/extensionHostProcess.js:150:173466)
	at s.h (/home/camilof/.vscode-server/bin/31c37ee8f63491495ac49e43b8544550fbae4533/out/vs/workbench/api/node/extensionHostProcess.js:150:175243)
	at s.g (/home/camilof/.vscode-server/bin/31c37ee8f63491495ac49e43b8544550fbae4533/out/vs/workbench/api/node/extensionHostProcess.js:150:174235)
	at s.executeCommand (/home/camilof/.vscode-server/bin/31c37ee8f63491495ac49e43b8544550fbae4533/out/vs/workbench/api/node/extensionHostProcess.js:150:174142)
	at Object.executeCommand (/home/camilof/.vscode-server/bin/31c37ee8f63491495ac49e43b8544550fbae4533/out/vs/workbench/api/node/extensionHostProcess.js:160:21634)
	at set b [as b] (/home/camilof/.vscode-server/bin/31c37ee8f63491495ac49e43b8544550fbae4533/extensions/github/dist/extension.js:2:322364)
	at /home/camilof/.vscode-server/bin/31c37ee8f63491495ac49e43b8544550fbae4533/extensions/github/dist/extension.js:2:323005
	at g.value (/home/camilof/.vscode-server/bin/31c37ee8f63491495ac49e43b8544550fbae4533/extensions/git/dist/main.js:2:1018251)
	at r.y (/home/camilof/.vscode-server/bin/31c37ee8f63491495ac49e43b8544550fbae4533/out/vs/workbench/api/node/extensionHostProcess.js:80:1902)
	at r.z (/home/camilof/.vscode-server/bin/31c37ee8f63491495ac49e43b8544550fbae4533/out/vs/workbench/api/node/extensionHostProcess.js:80:1972)
	at r.fire (/home/camilof/.vscode-server/bin/31c37ee8f63491495ac49e43b8544550fbae4533/out/vs/workbench/api/node/extensionHostProcess.js:80:2188)
	at Object.m [as dispose] (/home/camilof/.vscode-server/bin/31c37ee8f63491495ac49e43b8544550fbae4533/extensions/git/dist/main.js:2:943089)
	at /home/camilof/.vscode-server/bin/31c37ee8f63491495ac49e43b8544550fbae4533/extensions/git/dist/main.js:2:947930
	at Array.forEach (<anonymous>)
	at p.dispose (/home/camilof/.vscode-server/bin/31c37ee8f63491495ac49e43b8544550fbae4533/extensions/git/dist/main.js:2:947916)
	at c.<anonymous> (/home/camilof/.vscode-server/bin/31c37ee8f63491495ac49e43b8544550fbae4533/out/vs/workbench/api/node/extensionHostProcess.js:148:3650)
	at c.dispose (/home/camilof/.vscode-server/bin/31c37ee8f63491495ac49e43b8544550fbae4533/out/vs/workbench/api/node/extensionHostProcess.js:148:3747)
	at c.<anonymous> (/home/camilof/.vscode-server/bin/31c37ee8f63491495ac49e43b8544550fbae4533/extensions/git/dist/main.js:2:929310)
	at c.dispose (/home/camilof/.vscode-server/bin/31c37ee8f63491495ac49e43b8544550fbae4533/out/vs/workbench/api/node/extensionHostProcess.js:148:3747)
	at o (/home/camilof/.vscode-server/bin/31c37ee8f63491495ac49e43b8544550fbae4533/out/vs/workbench/api/node/extensionHostProcess.js:30:754)
	at g.cb (/home/camilof/.vscode-server/bin/31c37ee8f63491495ac49e43b8544550fbae4533/out/vs/workbench/api/node/extensionHostProcess.js:156:9874)
	at /home/camilof/.vscode-server/bin/31c37ee8f63491495ac49e43b8544550fbae4533/out/vs/workbench/api/node/extensionHostProcess.js:156:7808
	at Array.map (<anonymous>)
	at g.Y (/home/camilof/.vscode-server/bin/31c37ee8f63491495ac49e43b8544550fbae4533/out/vs/workbench/api/node/extensionHostProcess.js:156:7795)
	at g.terminate (/home/camilof/.vscode-server/bin/31c37ee8f63491495ac49e43b8544550fbae4533/out/vs/workbench/api/node/extensionHostProcess.js:156:8068)
	at o.terminate (/home/camilof/.vscode-server/bin/31c37ee8f63491495ac49e43b8544550fbae4533/out/vs/workbench/api/node/extensionHostProcess.js:160:1513)
	at t (/home/camilof/.vscode-server/bin/31c37ee8f63491495ac49e43b8544550fbae4533/out/vs/workbench/api/node/extensionHostProcess.js:173:9950)
	at g.value (/home/camilof/.vscode-server/bin/31c37ee8f63491495ac49e43b8544550fbae4533/out/vs/workbench/api/node/extensionHostProcess.js:173:7997)
	at r.y (/home/camilof/.vscode-server/bin/31c37ee8f63491495ac49e43b8544550fbae4533/out/vs/workbench/api/node/extensionHostProcess.js:80:1902)
	at r.fire (/home/camilof/.vscode-server/bin/31c37ee8f63491495ac49e43b8544550fbae4533/out/vs/workbench/api/node/extensionHostProcess.js:80:2119)
	at n.fire (/home/camilof/.vscode-server/bin/31c37ee8f63491495ac49e43b8544550fbae4533/out/vs/workbench/api/node/extensionHostProcess.js:105:14073)
	at s.z (/home/camilof/.vscode-server/bin/31c37ee8f63491495ac49e43b8544550fbae4533/out/vs/workbench/api/node/extensionHostProcess.js:105:17138)
	at g.value (/home/camilof/.vscode-server/bin/31c37ee8f63491495ac49e43b8544550fbae4533/out/vs/workbench/api/node/extensionHostProcess.js:105:15590)
	at r.y (/home/camilof/.vscode-server/bin/31c37ee8f63491495ac49e43b8544550fbae4533/out/vs/workbench/api/node/extensionHostProcess.js:80:1902)
	at r.fire (/home/camilof/.vscode-server/bin/31c37ee8f63491495ac49e43b8544550fbae4533/out/vs/workbench/api/node/extensionHostProcess.js:80:2119)
	at g.acceptChunk (/home/camilof/.vscode-server/bin/31c37ee8f63491495ac49e43b8544550fbae4533/out/vs/workbench/api/node/extensionHostProcess.js:105:11847)
	at g.value (/home/camilof/.vscode-server/bin/31c37ee8f63491495ac49e43b8544550fbae4533/out/vs/workbench/api/node/extensionHostProcess.js:105:11134)
	at r.y (/home/camilof/.vscode-server/bin/31c37ee8f63491495ac49e43b8544550fbae4533/out/vs/workbench/api/node/extensionHostProcess.js:80:1902)
	at r.fire (/home/camilof/.vscode-server/bin/31c37ee8f63491495ac49e43b8544550fbae4533/out/vs/workbench/api/node/extensionHostProcess.js:80:2119)
	at r.z (/home/camilof/.vscode-server/bin/31c37ee8f63491495ac49e43b8544550fbae4533/out/vs/workbench/api/node/extensionHostProcess.js:170:19768)
	at r.acceptFrame (/home/camilof/.vscode-server/bin/31c37ee8f63491495ac49e43b8544550fbae4533/out/vs/workbench/api/node/extensionHostProcess.js:170:19574)
	at i.n (/home/camilof/.vscode-server/bin/31c37ee8f63491495ac49e43b8544550fbae4533/out/vs/workbench/api/node/extensionHostProcess.js:170:18073)
	at /home/camilof/.vscode-server/bin/31c37ee8f63491495ac49e43b8544550fbae4533/out/vs/workbench/api/node/extensionHostProcess.js:170:15293
	at Socket.y (/home/camilof/.vscode-server/bin/31c37ee8f63491495ac49e43b8544550fbae4533/out/vs/workbench/api/node/extensionHostProcess.js:170:13198)
	at Socket.emit (node:events:514:28)
	at addChunk (node:internal/streams/readable:324:12)
	at readableAddChunk (node:internal/streams/readable:297:9)
	at Readable.push (node:internal/streams/readable:234:10)
	at TCP.onStreamRead (node:internal/stream_base_commons:190:23) setContext undefined
2024-02-15 12:34:38.699 [info] Extension host with pid 749 exiting with code 0
