2024-02-15 12:35:07.375 [info] Log level: Info
2024-02-15 12:35:07.376 [info] Validating found git in: "git"
2024-02-15 12:35:07.376 [info] Using git "2.34.1" from "git"
2024-02-15 12:35:07.376 [info] > git rev-parse --show-toplevel [8ms]
2024-02-15 12:35:07.376 [info] > git rev-parse --git-dir --git-common-dir [5ms]
2024-02-15 12:35:07.376 [info] Open repository: /home/camilof
2024-02-15 12:35:07.376 [info] > git rev-parse --show-toplevel [362ms]
2024-02-15 12:35:07.376 [info] > git config --get commit.template [370ms]
2024-02-15 12:35:08.136 [info] > git check-ignore -v -z --stdin [182ms]
2024-02-15 12:35:08.142 [info] > git rev-parse --show-toplevel [754ms]
2024-02-15 12:35:08.212 [info] > git for-each-ref --format=%(refname)%00%(upstream:short)%00%(objectname)%00%(upstream:track)%00%(upstream:remotename)%00%(upstream:remoteref) refs/heads/main refs/remotes/main [250ms]
2024-02-15 12:35:08.242 [info] > git rev-parse --show-toplevel [38ms]
2024-02-15 12:35:08.345 [info] > git rev-parse --show-toplevel [91ms]
2024-02-15 12:35:08.365 [info] > git log --format=%H%n%aN%n%aE%n%at%n%ct%n%P%n%D%n%B -z -n120 --follow -- /home/camilof/web.html [44ms]
2024-02-15 12:35:08.409 [info] > git rev-parse --show-toplevel [52ms]
2024-02-15 12:35:08.441 [info] > git show --textconv :web.html [16ms]
2024-02-15 12:35:08.460 [info] > git ls-files --stage -- /home/camilof/web.html [24ms]
2024-02-15 12:35:08.488 [info] > git cat-file -s 8d95a289915a7cd4ead7297088b42762172bf5c6 [20ms]
2024-02-15 12:35:08.500 [info] > git status -z -uall [274ms] (cancelled)
2024-02-15 12:37:02.964 [info] > git log --format=%H%n%aN%n%aE%n%at%n%ct%n%P%n%D%n%B -z -n120 --follow -- /home/camilof/web.html [12ms]
2024-02-15 12:37:03.107 [info] > git show --textconv :web.html [14ms]
2024-02-15 12:37:03.110 [info] > git ls-files --stage -- /home/camilof/web.html [5ms]
2024-02-15 12:37:03.127 [info] > git cat-file -s 8d95a289915a7cd4ead7297088b42762172bf5c6 [8ms]
2024-02-15 12:37:49.529 [info] > git config --get commit.template [74ms]
2024-02-15 12:37:49.574 [info] > git for-each-ref --format=%(refname)%00%(upstream:short)%00%(objectname)%00%(upstream:track)%00%(upstream:remotename)%00%(upstream:remoteref) refs/heads/main refs/remotes/main [4ms]
2024-02-15 12:37:51.479 [info] > git status -z -uall [1885ms] (cancelled)
2024-02-15 12:37:56.108 [info] > git log --format=%H%n%aN%n%aE%n%at%n%ct%n%P%n%D%n%B -z -n120 --follow -- /home/camilof/.sudo_as_admin_successful [6ms]
2024-02-15 12:37:56.282 [info] > git show --textconv :.sudo_as_admin_successful [17ms]
2024-02-15 12:37:56.285 [info] > git ls-files --stage -- /home/camilof/.sudo_as_admin_successful [6ms]
2024-02-15 12:37:58.143 [info] > git log --format=%H%n%aN%n%aE%n%at%n%ct%n%P%n%D%n%B -z -n120 --follow -- /home/camilof/.gitconfig [5ms]
2024-02-15 12:37:58.324 [info] > git show --textconv :.gitconfig [16ms]
2024-02-15 12:37:58.326 [info] > git ls-files --stage -- /home/camilof/.gitconfig [5ms]
2024-02-15 12:38:00.183 [info] > git log --format=%H%n%aN%n%aE%n%at%n%ct%n%P%n%D%n%B -z -n120 --follow -- /home/camilof/.bash_history [7ms]
2024-02-15 12:38:00.318 [info] > git show --textconv :.bash_history [24ms]
2024-02-15 12:38:00.320 [info] > git ls-files --stage -- /home/camilof/.bash_history [4ms]
2024-02-15 12:38:00.973 [info] > git log --format=%H%n%aN%n%aE%n%at%n%ct%n%P%n%D%n%B -z -n120 --follow -- /home/camilof/.bash_logout [5ms]
2024-02-15 12:38:01.069 [info] > git show --textconv :.bash_logout [22ms]
2024-02-15 12:38:01.069 [info] > git ls-files --stage -- /home/camilof/.bash_logout [3ms]
2024-02-15 12:38:01.505 [info] > git log --format=%H%n%aN%n%aE%n%at%n%ct%n%P%n%D%n%B -z -n120 --follow -- /home/camilof/.bashrc [5ms]
2024-02-15 12:38:01.704 [info] > git show --textconv :.bashrc [18ms]
2024-02-15 12:38:01.704 [info] > git ls-files --stage -- /home/camilof/.bashrc [5ms]
2024-02-15 12:38:01.934 [info] > git log --format=%H%n%aN%n%aE%n%at%n%ct%n%P%n%D%n%B -z -n120 --follow -- /home/camilof/.gitconfig [6ms]
2024-02-15 12:38:02.126 [info] > git show --textconv :.gitconfig [20ms]
2024-02-15 12:38:02.131 [info] > git ls-files --stage -- /home/camilof/.gitconfig [9ms]
2024-02-15 12:38:02.387 [info] > git log --format=%H%n%aN%n%aE%n%at%n%ct%n%P%n%D%n%B -z -n120 --follow -- /home/camilof/.lesshst [5ms]
2024-02-15 12:38:02.560 [info] > git show --textconv :.lesshst [46ms]
2024-02-15 12:38:02.561 [info] > git ls-files --stage -- /home/camilof/.lesshst [25ms]
2024-02-15 12:38:02.849 [info] > git log --format=%H%n%aN%n%aE%n%at%n%ct%n%P%n%D%n%B -z -n120 --follow -- /home/camilof/.motd_shown [3ms]
2024-02-15 12:38:03.002 [info] > git show --textconv :.motd_shown [25ms]
2024-02-15 12:38:03.006 [info] > git ls-files --stage -- /home/camilof/.motd_shown [8ms]
2024-02-15 12:38:03.337 [info] > git log --format=%H%n%aN%n%aE%n%at%n%ct%n%P%n%D%n%B -z -n120 --follow -- /home/camilof/.profile [6ms]
2024-02-15 12:38:03.501 [info] > git show --textconv :.profile [25ms]
2024-02-15 12:38:03.502 [info] > git ls-files --stage -- /home/camilof/.profile [5ms]
2024-02-15 12:38:03.987 [info] > git log --format=%H%n%aN%n%aE%n%at%n%ct%n%P%n%D%n%B -z -n120 --follow -- /home/camilof/.sudo_as_admin_successful [4ms]
2024-02-15 12:38:04.191 [info] > git show --textconv :.sudo_as_admin_successful [26ms]
2024-02-15 12:38:04.194 [info] > git ls-files --stage -- /home/camilof/.sudo_as_admin_successful [5ms]
2024-02-15 12:38:04.903 [info] > git log --format=%H%n%aN%n%aE%n%at%n%ct%n%P%n%D%n%B -z -n120 --follow -- /home/camilof/.wget-hsts [3ms]
2024-02-15 12:38:05.155 [info] > git show --textconv :.wget-hsts [58ms]
2024-02-15 12:38:05.155 [info] > git ls-files --stage -- /home/camilof/.wget-hsts [31ms]
2024-02-15 12:38:05.981 [info] > git log --format=%H%n%aN%n%aE%n%at%n%ct%n%P%n%D%n%B -z -n120 --follow -- /home/camilof/README.md [339ms]
2024-02-15 12:38:06.405 [info] > git show --textconv :README.md [90ms]
2024-02-15 12:38:06.405 [info] > git ls-files --stage -- /home/camilof/README.md [67ms]
2024-02-15 12:38:06.456 [info] > git cat-file -s 1c88bc369bed973b6f03e108e74ae1576b511c1e [15ms]
2024-02-15 12:38:09.261 [info] > git log --format=%H%n%aN%n%aE%n%at%n%ct%n%P%n%D%n%B -z -n120 --follow -- /home/camilof/web.html [9ms]
2024-02-15 12:38:09.436 [info] > git show --textconv :web.html [28ms]
2024-02-15 12:38:09.436 [info] > git ls-files --stage -- /home/camilof/web.html [7ms]
2024-02-15 12:38:09.483 [info] > git cat-file -s 8d95a289915a7cd4ead7297088b42762172bf5c6 [29ms]
2024-02-15 12:38:10.232 [info] > git log --format=%H%n%aN%n%aE%n%at%n%ct%n%P%n%D%n%B -z -n120 --follow -- /home/camilof/README.md [7ms]
2024-02-15 12:38:10.450 [info] > git show --textconv :README.md [26ms]
2024-02-15 12:38:10.470 [info] > git ls-files --stage -- /home/camilof/README.md [24ms]
2024-02-15 12:38:10.521 [info] > git cat-file -s 1c88bc369bed973b6f03e108e74ae1576b511c1e [31ms]
2024-02-15 12:38:13.558 [info] > git log --format=%H%n%aN%n%aE%n%at%n%ct%n%P%n%D%n%B -z -n120 --follow -- /home/camilof/web.html [7ms]
2024-02-15 12:38:13.725 [info] > git show --textconv :web.html [31ms]
2024-02-15 12:38:13.731 [info] > git ls-files --stage -- /home/camilof/web.html [11ms]
2024-02-15 12:38:13.762 [info] > git cat-file -s 8d95a289915a7cd4ead7297088b42762172bf5c6 [10ms]
2024-02-15 12:38:30.386 [info] > git show --textconv e6f590ff3134bcf4fd76285f60c8a6c45ad86551^:web.html [65ms]
2024-02-15 12:38:30.386 [info] > git show --textconv e6f590ff3134bcf4fd76285f60c8a6c45ad86551:web.html [44ms]
2024-02-15 12:38:30.387 [info] > git ls-tree -l e6f590ff3134bcf4fd76285f60c8a6c45ad86551 -- /home/camilof/web.html [8ms]
2024-02-15 12:38:30.389 [info] > git ls-tree -l e6f590ff3134bcf4fd76285f60c8a6c45ad86551^ -- /home/camilof/web.html [27ms]
2024-02-15 12:38:30.389 [info] fatal: Not a valid object name e6f590ff3134bcf4fd76285f60c8a6c45ad86551^
2024-02-15 12:38:30.576 [info] > git log --format=%H%n%aN%n%aE%n%at%n%ct%n%P%n%D%n%B -z -n120 --follow -- /home/camilof/web.html [14ms]
2024-02-15 12:38:30.903 [info] > git check-ignore -v -z --stdin [2ms]
2024-02-15 12:38:37.846 [info] > git log --format=%H%n%aN%n%aE%n%at%n%ct%n%P%n%D%n%B -z -n120 --follow -- /home/camilof/web.html [5ms]
2024-02-15 12:38:40.663 [info] > git show --textconv :web.html [26ms]
2024-02-15 12:38:40.690 [info] > git ls-files --stage -- /home/camilof/web.html [36ms]
2024-02-15 12:38:40.713 [info] > git cat-file -s 8d95a289915a7cd4ead7297088b42762172bf5c6 [8ms]
2024-02-15 12:51:53.615 [info] > git log --format=%H%n%aN%n%aE%n%at%n%ct%n%P%n%D%n%B -z -n120 --follow -- /home/camilof/web2.html [19ms]
2024-02-15 12:51:53.774 [info] > git show --textconv :web2.html [18ms]
2024-02-15 12:51:53.776 [info] > git ls-files --stage -- /home/camilof/web2.html [5ms]
2024-02-15 12:51:54.003 [info] > git check-ignore -v -z --stdin [1ms]
2024-02-15 12:53:25.172 [info] > git log --format=%H%n%aN%n%aE%n%at%n%ct%n%P%n%D%n%B -z -n120 --follow -- /home/camilof/web2.html [4ms]
2024-02-15 12:53:36.057 [info] > git ls-files --stage -- /home/camilof/web2.html [3ms]
2024-02-15 12:53:36.121 [info] > git show --textconv :web2.html [1ms]
2024-02-15 13:08:37.527 [info] > git ls-files --stage -- /home/camilof/web2.html [3ms]
2024-02-15 13:08:37.547 [info] > git cat-file -s 8d95a289915a7cd4ead7297088b42762172bf5c6 [2ms]
2024-02-15 13:08:37.573 [info] > git show --textconv :web2.html [3ms]
2024-02-15 13:10:48.219 [info] > git ls-files --stage -- /home/camilof/web2.html [3ms]
2024-02-15 13:10:48.232 [info] > git cat-file -s 8d95a289915a7cd4ead7297088b42762172bf5c6 [2ms]
2024-02-15 13:10:48.250 [info] > git show --textconv :web2.html [2ms]
2024-02-15 13:10:50.974 [info] > git log --format=%H%n%aN%n%aE%n%at%n%ct%n%P%n%D%n%B -z -n120 --follow -- /home/camilof/web2.html [4ms]
2024-02-15 13:10:52.925 [info] > git log --format=%H%n%aN%n%aE%n%at%n%ct%n%P%n%D%n%B -z -n120 --follow -- /home/camilof/web.html [5ms]
2024-02-15 13:10:53.079 [info] > git show --textconv :web.html [13ms]
2024-02-15 13:10:53.081 [info] > git ls-files --stage -- /home/camilof/web.html [4ms]
2024-02-15 13:10:53.102 [info] > git cat-file -s 8d95a289915a7cd4ead7297088b42762172bf5c6 [6ms]
2024-02-15 13:10:54.715 [info] > git log --format=%H%n%aN%n%aE%n%at%n%ct%n%P%n%D%n%B -z -n120 --follow -- /home/camilof/.wget-hsts [4ms]
2024-02-15 13:10:55.005 [info] > git show --textconv :.wget-hsts [102ms]
2024-02-15 13:10:55.029 [info] > git ls-files --stage -- /home/camilof/.wget-hsts [113ms]
2024-02-15 13:10:55.310 [info] > git log --format=%H%n%aN%n%aE%n%at%n%ct%n%P%n%D%n%B -z -n120 --follow -- /home/camilof/web2.html [9ms]
2024-02-15 13:10:55.468 [info] > git show --textconv :web2.html [29ms]
2024-02-15 13:10:55.474 [info] > git ls-files --stage -- /home/camilof/web2.html [17ms]
2024-02-15 13:10:55.500 [info] > git cat-file -s 8d95a289915a7cd4ead7297088b42762172bf5c6 [10ms]
2024-02-15 13:11:03.338 [info] > git log --format=%H%n%aN%n%aE%n%at%n%ct%n%P%n%D%n%B -z -n120 --follow -- /home/camilof/.wget-hsts [29ms]
2024-02-15 13:11:03.458 [info] > git show --textconv :.wget-hsts [26ms]
2024-02-15 13:11:03.458 [info] > git ls-files --stage -- /home/camilof/.wget-hsts [8ms]
2024-02-15 13:11:04.479 [info] > git log --format=%H%n%aN%n%aE%n%at%n%ct%n%P%n%D%n%B -z -n120 --follow -- /home/camilof/.profile [3ms]
2024-02-15 13:11:04.685 [info] > git show --textconv :.profile [27ms]
2024-02-15 13:11:04.690 [info] > git ls-files --stage -- /home/camilof/.profile [10ms]
