2024-02-14 13:39:04.358 [info] Extension host with pid 7043 started
2024-02-14 13:39:04.411 [info] Lock '/home/camilof/.vscode-server/data/User/workspaceStorage/98c770a5c2e1106bc61ad285bfdab1eb/vscode.lock': Lock acquired.
2024-02-14 13:39:04.622 [info] ExtensionService#_doActivateExtension vscode.emmet, startup: false, activationEvent: 'onLanguage'
2024-02-14 13:39:04.624 [info] ExtensionService#_doActivateExtension vscode.html-language-features, startup: false, activationEvent: 'onLanguage:html'
2024-02-14 13:39:05.628 [info] ExtensionService#_doActivateExtension vscode.git-base, startup: true, activationEvent: '*', root cause: vscode.git
2024-02-14 13:39:05.665 [info] ExtensionService#_doActivateExtension vscode.git, startup: true, activationEvent: '*'
2024-02-14 13:39:05.666 [info] ExtensionService#_doActivateExtension vscode.github, startup: true, activationEvent: '*'
2024-02-14 13:39:06.280 [info] ExtensionService#_doActivateExtension pranaygp.vscode-css-peek, startup: true, activationEvent: 'workspaceContains:**/*.css,**/*.scss,**/*.sass,**/*.less'
2024-02-14 13:39:06.896 [info] Eager extensions activated
2024-02-14 13:39:06.897 [info] ExtensionService#_doActivateExtension vscode.debug-auto-launch, startup: false, activationEvent: 'onStartupFinished'
2024-02-14 13:39:06.898 [info] ExtensionService#_doActivateExtension vscode.merge-conflict, startup: false, activationEvent: 'onStartupFinished'
2024-02-14 13:39:06.899 [info] ExtensionService#_doActivateExtension dbaeumer.vscode-eslint, startup: false, activationEvent: 'onStartupFinished'
2024-02-14 13:39:06.900 [info] ExtensionService#_doActivateExtension ritwickdey.LiveServer, startup: false, activationEvent: 'onStartupFinished'
2024-02-14 13:39:06.901 [info] ExtensionService#_doActivateExtension streetsidesoftware.code-spell-checker, startup: false, activationEvent: 'onStartupFinished'
2024-02-14 13:42:55.689 [info] ExtensionService#_doActivateExtension vscode.json-language-features, startup: false, activationEvent: 'onLanguage:jsonc'
2024-02-14 13:42:55.690 [info] ExtensionService#_doActivateExtension vscode.typescript-language-features, startup: false, activationEvent: 'onLanguage:jsonc'
2024-02-14 13:46:57.544 [warning] vscode.json-language-features - Code actions of kind 'quickfix 'requested but returned code action is of kind 'source.sort.json'. Code action will be dropped. Please check 'CodeActionContext.only' to only return requested code actions.
2024-02-14 13:47:55.062 [info] Extension host terminating: received terminate message from renderer
2024-02-14 13:47:55.063 [info] Lock '/home/camilof/.vscode-server/data/User/workspaceStorage/98c770a5c2e1106bc61ad285bfdab1eb/vscode.lock': Marking the lockfile as scheduled to be released in 6000 ms.
2024-02-14 13:47:55.279 [info] Extension host with pid 7043 exiting with code 0
