2024-02-14 13:36:20.632 [info] Log level: Info
2024-02-14 13:36:20.632 [info] Validating found git in: "git"
2024-02-14 13:36:20.632 [info] Using git "2.34.1" from "git"
2024-02-14 13:36:20.632 [info] > git rev-parse --show-toplevel [312ms]
2024-02-14 13:36:20.632 [info] fatal: not a git repository (or any of the parent directories): .git
2024-02-14 13:36:20.632 [info] > git rev-parse --show-toplevel [406ms]
2024-02-14 13:36:20.632 [info] fatal: not a git repository (or any of the parent directories): .git
2024-02-14 13:36:20.632 [info] > git rev-parse --show-toplevel [5ms]
2024-02-14 13:36:20.632 [info] fatal: not a git repository (or any of the parent directories): .git
2024-02-14 13:36:20.703 [info] > git rev-parse --show-toplevel [74ms]
2024-02-14 13:36:20.703 [info] fatal: not a git repository (or any of the parent directories): .git
2024-02-14 13:36:27.536 [info] > git rev-parse --show-toplevel [134ms]
2024-02-14 13:36:27.536 [info] fatal: not a git repository (or any of the parent directories): .git
2024-02-14 13:37:06.663 [info] > git rev-parse --show-toplevel [4ms]
2024-02-14 13:37:06.664 [info] fatal: not a git repository (or any of the parent directories): .git
2024-02-14 13:37:10.441 [info] > git rev-parse --show-toplevel [3ms]
2024-02-14 13:37:10.441 [info] fatal: not a git repository (or any of the parent directories): .git
2024-02-14 13:37:31.025 [info] > git rev-parse --show-toplevel [11ms]
2024-02-14 13:37:31.025 [info] fatal: not a git repository (or any of the parent directories): .git
2024-02-14 13:38:43.294 [info] > git rev-parse --show-toplevel [8ms]
2024-02-14 13:38:43.294 [info] fatal: not a git repository (or any of the parent directories): .git
